<?xml version="1.0" encoding="UTF-8"?>
<!-- Generated by org.testng.reporters.JUnitReportReporter -->
<testsuite skipped="1" hostname="IN-L2504" name="com.APITestClass.RegisterUser" tests="2" failures="0" timestamp="23 Feb 2021 07:02:21 GMT" time="0.000" errors="1">
  <testcase name="beforeSuite" time="0.000" classname="com.APITestClass.RegisterUser">
    <error type="org.testng.TestNGException" message="
Method beforeSuite requires 2 parameters but 1 were supplied in the BeforeSuite annotation.">
      <![CDATA[org.testng.TestNGException: 
Method beforeSuite requires 2 parameters but 1 were supplied in the BeforeSuite annotation.
at org.testng.internal.Parameters.checkParameterTypes(Parameters.java:415)
at org.testng.internal.Parameters.createParametersForMethod(Parameters.java:356)
at org.testng.internal.Parameters.createParameters(Parameters.java:620)
at org.testng.internal.Parameters.createConfigurationParameters(Parameters.java:190)
at org.testng.internal.Invoker.invokeConfigurations(Invoker.java:209)
at org.testng.internal.Invoker.invokeConfigurations(Invoker.java:142)
at org.testng.SuiteRunner.privateRun(SuiteRunner.java:401)
at org.testng.SuiteRunner.run(SuiteRunner.java:364)
at org.testng.SuiteRunnerWorker.runSuite(SuiteRunnerWorker.java:52)
at org.testng.SuiteRunnerWorker.run(SuiteRunnerWorker.java:84)
at org.testng.TestNG.runSuitesSequentially(TestNG.java:1208)
at org.testng.TestNG.runSuitesLocally(TestNG.java:1137)
at org.testng.TestNG.runSuites(TestNG.java:1049)
at org.testng.TestNG.run(TestNG.java:1017)
at org.testng.remote.AbstractRemoteTestNG.run(AbstractRemoteTestNG.java:115)
at org.testng.remote.RemoteTestNG.initAndRun(RemoteTestNG.java:251)
at org.testng.remote.RemoteTestNG.main(RemoteTestNG.java:77)
]]>
    </error>
  </testcase> <!-- beforeSuite -->
  <testcase name="registerUserSuccessfully" time="0.000" classname="com.APITestClass.RegisterUser">
    <skipped/>
  </testcase> <!-- registerUserSuccessfully -->
</testsuite> <!-- com.APITestClass.RegisterUser -->
